This job can be monitored from: https://job.c3se.chalmers.se/alvis/4571376
Filename (results):  /mimer/NOBACKUP/groups/brainage/thesis_brainage/results/5-fold-cv_wo_age/5-fold-cv_wo_age/fold_0/train_predicted_values.csv
We are looking at train results.
Filename (results):  /mimer/NOBACKUP/groups/brainage/thesis_brainage/results/5-fold-cv_wo_age/5-fold-cv_wo_age/fold_0/val_predicted_values.csv
We are looking at val results.
Filename (results):  /mimer/NOBACKUP/groups/brainage/thesis_brainage/results/5-fold-cv_wo_age/5-fold-cv_wo_age/fold_0/test_predicted_values.csv
We are looking at test results.
Filename (results):  /mimer/NOBACKUP/groups/brainage/thesis_brainage/results/5-fold-cv_wo_age/5-fold-cv_wo_age/fold_1/train_predicted_values.csv
We are looking at train results.
Filename (results):  /mimer/NOBACKUP/groups/brainage/thesis_brainage/results/5-fold-cv_wo_age/5-fold-cv_wo_age/fold_1/val_predicted_values.csv
We are looking at val results.
Filename (results):  /mimer/NOBACKUP/groups/brainage/thesis_brainage/results/5-fold-cv_wo_age/5-fold-cv_wo_age/fold_1/test_predicted_values.csv
We are looking at test results.
Filename (results):  /mimer/NOBACKUP/groups/brainage/thesis_brainage/results/5-fold-cv_wo_age/5-fold-cv_wo_age/fold_2/train_predicted_values.csv
We are looking at train results.
Filename (results):  /mimer/NOBACKUP/groups/brainage/thesis_brainage/results/5-fold-cv_wo_age/5-fold-cv_wo_age/fold_2/val_predicted_values.csv
We are looking at val results.
Filename (results):  /mimer/NOBACKUP/groups/brainage/thesis_brainage/results/5-fold-cv_wo_age/5-fold-cv_wo_age/fold_2/test_predicted_values.csv
We are looking at test results.
Filename (results):  /mimer/NOBACKUP/groups/brainage/thesis_brainage/results/5-fold-cv_wo_age/5-fold-cv_wo_age/fold_3/train_predicted_values.csv
We are looking at train results.
Filename (results):  /mimer/NOBACKUP/groups/brainage/thesis_brainage/results/5-fold-cv_wo_age/5-fold-cv_wo_age/fold_3/val_predicted_values.csv
We are looking at val results.
Filename (results):  /mimer/NOBACKUP/groups/brainage/thesis_brainage/results/5-fold-cv_wo_age/5-fold-cv_wo_age/fold_3/test_predicted_values.csv
We are looking at test results.
Filename (results):  /mimer/NOBACKUP/groups/brainage/thesis_brainage/results/5-fold-cv_wo_age/5-fold-cv_wo_age/fold_4/train_predicted_values.csv
We are looking at train results.
Filename (results):  /mimer/NOBACKUP/groups/brainage/thesis_brainage/results/5-fold-cv_wo_age/5-fold-cv_wo_age/fold_4/val_predicted_values.csv
We are looking at val results.
Filename (results):  /mimer/NOBACKUP/groups/brainage/thesis_brainage/results/5-fold-cv_wo_age/5-fold-cv_wo_age/fold_4/test_predicted_values.csv
We are looking at test results.
