This job can be monitored from: https://job.c3se.chalmers.se/alvis/4565451
We are in main.
Warning: Folder for participant sub-OAS30937 does not exist and will be deleted.
Warning: Folder for participant sub-OAS31357 does not exist and will be deleted.
Last block has number of input channels: 64
Last block has number of output channels: 16
We are in test.
Loaded 115 image pairs.
Loaded 115 rows of metadata.
Loaded 115 targets.
We are in test
/mimer/NOBACKUP/groups/brainage/thesis_brainage/my_venv/lib/python3.12/site-packages/torchio/data/image.py:248: UserWarning: Using TorchIO images without a torchio.SubjectsLoader in PyTorch >= 2.3 might have unexpected consequences, e.g., the collated batches will be instances of torchio.Subject with 5D images. Replace your PyTorch DataLoader with a torchio.SubjectsLoader so that the collated batch becomes a dictionary, as expected. See https://github.com/TorchIO-project/torchio/issues/1179 for more context about this issue.
  warnings.warn(message, stacklevel=1)
x1 shape: torch.Size([16, 1, 128, 128, 128])
x2 shape: torch.Size([16, 1, 128, 128, 128])
meta shape: torch.Size([16, 3])
target shape: torch.Size([16, 1])
output shape: torch.Size([16, 1])
x1 shape: torch.Size([16, 1, 128, 128, 128])
x2 shape: torch.Size([16, 1, 128, 128, 128])
meta shape: torch.Size([16, 3])
target shape: torch.Size([16, 1])
output shape: torch.Size([16, 1])
x1 shape: torch.Size([16, 1, 128, 128, 128])
x2 shape: torch.Size([16, 1, 128, 128, 128])
meta shape: torch.Size([16, 3])
target shape: torch.Size([16, 1])
output shape: torch.Size([16, 1])
x1 shape: torch.Size([16, 1, 128, 128, 128])
x2 shape: torch.Size([16, 1, 128, 128, 128])
meta shape: torch.Size([16, 3])
target shape: torch.Size([16, 1])
output shape: torch.Size([16, 1])
x1 shape: torch.Size([16, 1, 128, 128, 128])
x2 shape: torch.Size([16, 1, 128, 128, 128])
meta shape: torch.Size([16, 3])
target shape: torch.Size([16, 1])
output shape: torch.Size([16, 1])
x1 shape: torch.Size([16, 1, 128, 128, 128])
x2 shape: torch.Size([16, 1, 128, 128, 128])
meta shape: torch.Size([16, 3])
target shape: torch.Size([16, 1])
output shape: torch.Size([16, 1])
x1 shape: torch.Size([16, 1, 128, 128, 128])
x2 shape: torch.Size([16, 1, 128, 128, 128])
meta shape: torch.Size([16, 3])
target shape: torch.Size([16, 1])
output shape: torch.Size([16, 1])
x1 shape: torch.Size([3, 1, 128, 128, 128])
x2 shape: torch.Size([3, 1, 128, 128, 128])
meta shape: torch.Size([3, 3])
target shape: torch.Size([3, 1])
output shape: torch.Size([3, 1])
Test Loss (MSE): 2.6601
Test results saved to /mimer/NOBACKUP/groups/brainage/thesis_brainage/results/5-fold-cc/predicted_values.csv
Test MAE: 1.1822
