This job can be monitored from: https://job.c3se.chalmers.se/alvis/4397911
We are in main
Warning: Folder for participant sub-OAS30937 does not exist and will be deleted.
Warning: Folder for participant sub-OAS31357 does not exist and will be deleted.
Train size (number of participants): 328, Validation size: 109, Test size: 110
We are in train.
Using device: cuda
Last block has number of input channels: 64
Last block has number of output channels: 16
Warning: No matching T1w image found for sub-OAS30369 in session(s). Skipping.
Warning: No matching T1w image found for sub-OAS30369 in session(s). Skipping.
Warning: No matching T1w image found for sub-OAS30369 in session(s). Skipping.
Warning: No matching T1w image found for sub-OAS30369 in session(s). Skipping.
Warning: No matching T1w image found for sub-OAS30369 in session(s). Skipping.
Warning: No matching T1w image found for sub-OAS30369 in session(s). Skipping.
Warning: No matching T1w image found for sub-OAS30137 in session(s). Skipping.
Warning: No matching T1w image found for sub-OAS30137 in session(s). Skipping.
Warning: No matching T1w image found for sub-OAS30659 in session(s). Skipping.
Warning: No matching T1w image found for sub-OAS30659 in session(s). Skipping.
Loaded 1451 image pairs.
Loaded 1451 rows of metadata.
Loaded 1451 targets.
Loaded 448 image pairs.
Loaded 448 rows of metadata.
Loaded 448 targets.
We are in epoch (training):  0
/mimer/NOBACKUP/groups/brainage/thesis_brainage/my_venv/lib/python3.12/site-packages/torchio/data/image.py:248: UserWarning: Using TorchIO images without a torchio.SubjectsLoader in PyTorch >= 2.3 might have unexpected consequences, e.g., the collated batches will be instances of torchio.Subject with 5D images. Replace your PyTorch DataLoader with a torchio.SubjectsLoader so that the collated batch becomes a dictionary, as expected. See https://github.com/TorchIO-project/torchio/issues/1179 for more context about this issue.
  warnings.warn(message, stacklevel=1)
Epoch 0: Avg Train Loss = 9.3129
We are in epoch (val):  0
/mimer/NOBACKUP/groups/brainage/thesis_brainage/my_venv/lib/python3.12/site-packages/torch/nn/modules/loss.py:610: UserWarning: Using a target size (torch.Size([16, 1, 1])) that is different to the input size (torch.Size([16, 1])). This will likely lead to incorrect results due to broadcasting. Please ensure they have the same size.
  return F.mse_loss(input, target, reduction=self.reduction)
Epoch 0: Avg Val Loss = 10.1722
Validation loss improved, saving best model.
We are in epoch (training):  1
Epoch 1: Avg Train Loss = 5.3569
We are in epoch (val):  1
Epoch 1: Avg Val Loss = 9.3133
Validation loss improved, saving best model.
We are in epoch (training):  2
Epoch 2: Avg Train Loss = 4.2982
We are in epoch (val):  2
Epoch 2: Avg Val Loss = 9.6684
No improvement in validation loss for 1 epochs.
We are in epoch (training):  3
Epoch 3: Avg Train Loss = 3.9460
We are in epoch (val):  3
Epoch 3: Avg Val Loss = 11.2749
No improvement in validation loss for 2 epochs.
We are in epoch (training):  4
Epoch 4: Avg Train Loss = 3.5526
We are in epoch (val):  4
Epoch 4: Avg Val Loss = 11.2886
No improvement in validation loss for 3 epochs.
We are in epoch (training):  5
Epoch 5: Avg Train Loss = 3.5689
We are in epoch (val):  5
Epoch 5: Avg Val Loss = 11.8961
No improvement in validation loss for 4 epochs.
We are in epoch (training):  6
Epoch 6: Avg Train Loss = 2.9680
We are in epoch (val):  6
Epoch 6: Avg Val Loss = 11.2470
No improvement in validation loss for 5 epochs.
We are in epoch (training):  7
Epoch 7: Avg Train Loss = 2.9210
We are in epoch (val):  7
Epoch 7: Avg Val Loss = 11.6873
No improvement in validation loss for 6 epochs.
We are in epoch (training):  8
Epoch 8: Avg Train Loss = 3.1638
We are in epoch (val):  8
Epoch 8: Avg Val Loss = 12.5751
No improvement in validation loss for 7 epochs.
We are in epoch (training):  9
Epoch 9: Avg Train Loss = 2.9744
We are in epoch (val):  9
Epoch 9: Avg Val Loss = 12.1702
No improvement in validation loss for 8 epochs.
We are in epoch (training):  10
Epoch 10: Avg Train Loss = 3.5833
We are in epoch (val):  10
Epoch 10: Avg Val Loss = 10.9230
No improvement in validation loss for 9 epochs.
We are in epoch (training):  11
Epoch 11: Avg Train Loss = 2.7686
We are in epoch (val):  11
Epoch 11: Avg Val Loss = 11.9017
No improvement in validation loss for 10 epochs.
We are in epoch (training):  12
Epoch 12: Avg Train Loss = 2.7137
We are in epoch (val):  12
Epoch 12: Avg Val Loss = 11.2543
No improvement in validation loss for 11 epochs.
We are in epoch (training):  13
Epoch 13: Avg Train Loss = 2.4391
We are in epoch (val):  13
Epoch 13: Avg Val Loss = 11.5650
No improvement in validation loss for 12 epochs.
We are in epoch (training):  14
Epoch 14: Avg Train Loss = 2.3193
We are in epoch (val):  14
Epoch 14: Avg Val Loss = 12.2759
No improvement in validation loss for 13 epochs.
We are in epoch (training):  15
Epoch 15: Avg Train Loss = 2.4099
We are in epoch (val):  15
Epoch 15: Avg Val Loss = 11.7883
No improvement in validation loss for 14 epochs.
We are in epoch (training):  16
Epoch 16: Avg Train Loss = 2.3820
We are in epoch (val):  16
Epoch 16: Avg Val Loss = 11.0117
No improvement in validation loss for 15 epochs.
We are in epoch (training):  17
Epoch 17: Avg Train Loss = 2.2793
We are in epoch (val):  17
Epoch 17: Avg Val Loss = 11.8692
No improvement in validation loss for 16 epochs.
We are in epoch (training):  18
Epoch 18: Avg Train Loss = 2.1314
We are in epoch (val):  18
Epoch 18: Avg Val Loss = 13.7541
No improvement in validation loss for 17 epochs.
We are in epoch (training):  19
Epoch 19: Avg Train Loss = 2.0872
We are in epoch (val):  19
Epoch 19: Avg Val Loss = 11.7837
No improvement in validation loss for 18 epochs.
We are in epoch (training):  20
Epoch 20: Avg Train Loss = 2.0671
We are in epoch (val):  20
Epoch 20: Avg Val Loss = 12.5485
No improvement in validation loss for 19 epochs.
We are in epoch (training):  21
Epoch 21: Avg Train Loss = 1.9929
We are in epoch (val):  21
Epoch 21: Avg Val Loss = 11.8563
No improvement in validation loss for 20 epochs.
Early stopping triggered after 21 epochs.
Loaded the best model.
Loss plot (Train/Val) saved to: /mimer/NOBACKUP/groups/brainage/thesis_brainage/results/training/first_proper_run_v100/loss_plot_trainval.png
We are in test.
Warning: No matching T1w image found for sub-OAS30643 in session(s). Skipping.
Warning: No matching T1w image found for sub-OAS30643 in session(s). Skipping.
Warning: No matching T1w image found for sub-OAS30643 in session(s). Skipping.
Warning: No matching T1w image found for sub-OAS30042 in session(s). Skipping.
Warning: No matching T1w image found for sub-OAS30797 in session(s). Skipping.
Warning: No matching T1w image found for sub-OAS30797 in session(s). Skipping.
Warning: No matching T1w image found for sub-OAS30797 in session(s). Skipping.
Loaded 443 image pairs.
Loaded 443 rows of metadata.
Loaded 443 targets.
We are in test
/mimer/NOBACKUP/groups/brainage/thesis_brainage/my_venv/lib/python3.12/site-packages/torchio/data/image.py:248: UserWarning: Using TorchIO images without a torchio.SubjectsLoader in PyTorch >= 2.3 might have unexpected consequences, e.g., the collated batches will be instances of torchio.Subject with 5D images. Replace your PyTorch DataLoader with a torchio.SubjectsLoader so that the collated batch becomes a dictionary, as expected. See https://github.com/TorchIO-project/torchio/issues/1179 for more context about this issue.
  warnings.warn(message, stacklevel=1)
/mimer/NOBACKUP/groups/brainage/thesis_brainage/scripts/new_run.py:259: UserWarning: To copy construct from a tensor, it is recommended to use sourceTensor.clone().detach() or sourceTensor.clone().detach().requires_grad_(True), rather than torch.tensor(sourceTensor).
  x1 = torch.tensor(x1).float().to(device)
/mimer/NOBACKUP/groups/brainage/thesis_brainage/scripts/new_run.py:260: UserWarning: To copy construct from a tensor, it is recommended to use sourceTensor.clone().detach() or sourceTensor.clone().detach().requires_grad_(True), rather than torch.tensor(sourceTensor).
  x2 = torch.tensor(x2).float().to(device)
/mimer/NOBACKUP/groups/brainage/thesis_brainage/scripts/new_run.py:261: UserWarning: To copy construct from a tensor, it is recommended to use sourceTensor.clone().detach() or sourceTensor.clone().detach().requires_grad_(True), rather than torch.tensor(sourceTensor).
  target = torch.tensor(target).float().unsqueeze(1).to(device)
/mimer/NOBACKUP/groups/brainage/thesis_brainage/my_venv/lib/python3.12/site-packages/torch/nn/modules/loss.py:610: UserWarning: Using a target size (torch.Size([16, 1, 1])) that is different to the input size (torch.Size([16, 1])). This will likely lead to incorrect results due to broadcasting. Please ensure they have the same size.
  return F.mse_loss(input, target, reduction=self.reduction)
/mimer/NOBACKUP/groups/brainage/thesis_brainage/my_venv/lib/python3.12/site-packages/torch/nn/modules/loss.py:610: UserWarning: Using a target size (torch.Size([11, 1, 1])) that is different to the input size (torch.Size([11, 1])). This will likely lead to incorrect results due to broadcasting. Please ensure they have the same size.
  return F.mse_loss(input, target, reduction=self.reduction)
Test Loss (MSE): 14.8177
Test results saved to /mimer/NOBACKUP/groups/brainage/thesis_brainage/results/test_results.csv
