This job can be monitored from: https://job.c3se.chalmers.se/alvis/4169745
We are in main
Preprocessing of categorcial data is set to:  True
Warning: Folder for participant sub-OAS30937 does not exist and will be deleted.
Warning: Folder for participant sub-OAS31357 does not exist and will be deleted.
  participant_id handedness  mr_sessions  ... sex_F sex_M  sex_U
0   sub-OAS30001          R          6.0  ...   1.0   0.0    0.0
1   sub-OAS30002          R          5.0  ...   0.0   1.0    0.0
2   sub-OAS30003          R          7.0  ...   1.0   0.0    0.0
3   sub-OAS30004          L          5.0  ...   1.0   0.0    0.0
4   sub-OAS30005          R          7.0  ...   1.0   0.0    0.0

[5 rows x 13 columns]
Warning: No matching T1w image found for sub-OAS30042 in session(s). Skipping.
Warning: No matching T1w image found for sub-OAS30643 in session(s). Skipping.
Warning: No matching T1w image found for sub-OAS30659 in session(s). Skipping.
Warning: No matching T1w image found for sub-OAS30797 in session(s). Skipping.
Using device: cuda
Last block has number of input channels: 64
Last block has number of output channels: 16
We are in epoch (training):  0
/mimer/NOBACKUP/groups/brainage/thesis_brainage/my_venv/lib/python3.12/site-packages/torchio/data/image.py:248: UserWarning: Using TorchIO images without a torchio.SubjectsLoader in PyTorch >= 2.3 might have unexpected consequences, e.g., the collated batches will be instances of torchio.Subject with 5D images. Replace your PyTorch DataLoader with a torchio.SubjectsLoader so that the collated batch becomes a dictionary, as expected. See https://github.com/TorchIO-project/torchio/issues/1179 for more context about this issue.
  warnings.warn(message, stacklevel=1)
/mimer/NOBACKUP/groups/brainage/thesis_brainage/scripts/run.py:123: UserWarning: To copy construct from a tensor, it is recommended to use sourceTensor.clone().detach() or sourceTensor.clone().detach().requires_grad_(True), rather than torch.tensor(sourceTensor).
  x1 = torch.tensor(x1).float().to(device)
/mimer/NOBACKUP/groups/brainage/thesis_brainage/scripts/run.py:124: UserWarning: To copy construct from a tensor, it is recommended to use sourceTensor.clone().detach() or sourceTensor.clone().detach().requires_grad_(True), rather than torch.tensor(sourceTensor).
  x2 = torch.tensor(x2).float().to(device)
/mimer/NOBACKUP/groups/brainage/thesis_brainage/scripts/run.py:125: UserWarning: To copy construct from a tensor, it is recommended to use sourceTensor.clone().detach() or sourceTensor.clone().detach().requires_grad_(True), rather than torch.tensor(sourceTensor).
  target = torch.tensor(target).float().unsqueeze(1).to(device)
x1: torch.Size([2, 1, 32, 32, 32]) 0.0 127.05879211425781 False
x2: torch.Size([2, 1, 32, 32, 32]) 0.0 132.4235382080078 False
target: torch.Size([2, 1]) 10.1452054977417 10.446575164794922 False
meta: torch.Size([2, 3]) 0.0 66.70999908447266 False
x1: torch.Size([2, 1, 32, 32, 32]) 0.0 129.04443359375 False
x2: torch.Size([2, 1, 32, 32, 32]) 0.0 135.27183532714844 False
target: torch.Size([2, 1]) 0.0356164388358593 6.383561611175537 False
meta: torch.Size([2, 3]) 0.0 77.44000244140625 False
x1: torch.Size([2, 1, 32, 32, 32]) 0.0 141.10525512695312 False
x2: torch.Size([2, 1, 32, 32, 32]) 0.0 169.45504760742188 False
target: torch.Size([2, 1]) 6.5315070152282715 6.964383602142334 False
meta: torch.Size([2, 3]) 0.0 75.58000183105469 False
x1: torch.Size([2, 1, 32, 32, 32]) 0.0 121.79450988769531 False
x2: torch.Size([2, 1, 32, 32, 32]) 0.0 129.24050903320312 False
target: torch.Size([2, 1]) 3.556164264678955 10.235616683959961 False
meta: torch.Size([2, 3]) 0.0 66.05999755859375 False
x1: torch.Size([2, 1, 32, 32, 32]) 0.0 124.59390258789062 False
x2: torch.Size([2, 1, 32, 32, 32]) 0.0 123.58137512207031 False
target: torch.Size([2, 1]) 4.386301517486572 14.386301040649414 False
meta: torch.Size([2, 3]) 0.0 75.27999877929688 False
x1: torch.Size([2, 1, 32, 32, 32]) 0.0 124.81987762451172 False
x2: torch.Size([2, 1, 32, 32, 32]) 0.0 132.26113891601562 False
target: torch.Size([2, 1]) 2.13150691986084 3.964383602142334 False
meta: torch.Size([2, 3]) 0.0 70.18000030517578 False
x1: torch.Size([2, 1, 32, 32, 32]) 0.0 130.20065307617188 False
x2: torch.Size([2, 1, 32, 32, 32]) 0.0 129.12721252441406 False
target: torch.Size([2, 1]) 2.9561643600463867 8.027397155761719 False
meta: torch.Size([2, 3]) 0.0 86.33999633789062 False
x1: torch.Size([2, 1, 32, 32, 32]) 0.0 129.08853149414062 False
x2: torch.Size([2, 1, 32, 32, 32]) 0.0 127.89004516601562 False
target: torch.Size([2, 1]) 1.052054762840271 1.3452054262161255 False
meta: torch.Size([2, 3]) 0.0 72.33999633789062 False
x1: torch.Size([2, 1, 32, 32, 32]) 0.0 125.63005065917969 False
x2: torch.Size([2, 1, 32, 32, 32]) 0.0 129.98695373535156 False
target: torch.Size([2, 1]) 5.7041096687316895 11.350685119628906 False
meta: torch.Size([2, 3]) 0.0 65.61000061035156 False
x1: torch.Size([2, 1, 32, 32, 32]) 0.0 124.97553253173828 False
x2: torch.Size([2, 1, 32, 32, 32]) 0.0 129.23104858398438 False
target: torch.Size([2, 1]) 5.975342273712158 6.312328815460205 False
meta: torch.Size([2, 3]) 0.0 65.76000213623047 False
x1: torch.Size([2, 1, 32, 32, 32]) 0.0 121.5248794555664 False
x2: torch.Size([2, 1, 32, 32, 32]) 0.0 133.76304626464844 False
target: torch.Size([2, 1]) 8.301369667053223 8.49315071105957 False
meta: torch.Size([2, 3]) 0.0 67.05999755859375 False
x1: torch.Size([2, 1, 32, 32, 32]) 0.0 127.74787902832031 False
x2: torch.Size([2, 1, 32, 32, 32]) 0.0 175.14215087890625 False
target: torch.Size([2, 1]) 2.4301369190216064 9.47397232055664 False
meta: torch.Size([2, 3]) 0.0 74.87000274658203 False
x1: torch.Size([2, 1, 32, 32, 32]) 0.0 125.97833251953125 False
x2: torch.Size([2, 1, 32, 32, 32]) 0.0 130.3521728515625 False
target: torch.Size([2, 1]) 0.060273971408605576 15.158904075622559 False
meta: torch.Size([2, 3]) 0.0 52.54999923706055 False
x1: torch.Size([2, 1, 32, 32, 32]) 0.0 123.18283081054688 False
x2: torch.Size([2, 1, 32, 32, 32]) 0.0 123.6461410522461 False
target: torch.Size([2, 1]) 2.9095890522003174 8.435616493225098 False
meta: torch.Size([2, 3]) 0.0 67.1500015258789 False
x1: torch.Size([2, 1, 32, 32, 32]) 0.0 127.0560302734375 False
x2: torch.Size([2, 1, 32, 32, 32]) 0.0 124.55126190185547 False
target: torch.Size([2, 1]) 6.405479431152344 8.35616397857666 False
meta: torch.Size([2, 3]) 0.0 69.58999633789062 False
x1: torch.Size([2, 1, 32, 32, 32]) 0.0 124.28424072265625 False
x2: torch.Size([2, 1, 32, 32, 32]) 0.0 129.24545288085938 False
target: torch.Size([2, 1]) 6.134246349334717 7.471232891082764 False
meta: torch.Size([2, 3]) 0.0 61.970001220703125 False
x1: torch.Size([2, 1, 32, 32, 32]) 0.0 125.97355651855469 False
x2: torch.Size([2, 1, 32, 32, 32]) 0.0 142.84738159179688 False
target: torch.Size([2, 1]) 6.098629951477051 15.15068531036377 False
meta: torch.Size([2, 3]) 0.0 63.869998931884766 False
x1: torch.Size([2, 1, 32, 32, 32]) 0.0 126.54417419433594 False
x2: torch.Size([2, 1, 32, 32, 32]) 0.0 136.88565063476562 False
target: torch.Size([2, 1]) 2.799999952316284 12.043835639953613 False
meta: torch.Size([2, 3]) 0.0 69.08999633789062 False
x1: torch.Size([2, 1, 32, 32, 32]) 0.0 127.89082336425781 False
x2: torch.Size([2, 1, 32, 32, 32]) 0.0 124.89443969726562 False
target: torch.Size([2, 1]) 2.964383602142334 8.86849308013916 False
meta: torch.Size([2, 3]) 0.0 67.16999816894531 False
x1: torch.Size([2, 1, 32, 32, 32]) 0.0 127.33073425292969 False
x2: torch.Size([2, 1, 32, 32, 32]) 0.0 131.69354248046875 False
target: torch.Size([2, 1]) 2.789041042327881 12.586301803588867 False
meta: torch.Size([2, 3]) 0.0 70.93000030517578 False
x1: torch.Size([2, 1, 32, 32, 32]) 0.0 130.75328063964844 False
x2: torch.Size([2, 1, 32, 32, 32]) 0.0 130.73968505859375 False
target: torch.Size([2, 1]) 3.0493149757385254 3.2602739334106445 False
meta: torch.Size([2, 3]) 0.0 75.48999786376953 False
x1: torch.Size([2, 1, 32, 32, 32]) 0.0 124.18683624267578 False
x2: torch.Size([2, 1, 32, 32, 32]) 0.0 125.92513275146484 False
target: torch.Size([2, 1]) 5.172602653503418 8.468493461608887 False
meta: torch.Size([2, 3]) 0.0 65.58000183105469 False
x1: torch.Size([2, 1, 32, 32, 32]) 0.0 125.91583251953125 False
x2: torch.Size([2, 1, 32, 32, 32]) 0.0 121.18600463867188 False
target: torch.Size([2, 1]) 4.024657726287842 11.104109764099121 False
meta: torch.Size([2, 3]) 0.0 73.30000305175781 False
x1: torch.Size([2, 1, 32, 32, 32]) 0.0 128.49365234375 False
x2: torch.Size([2, 1, 32, 32, 32]) 0.0 127.37442779541016 False
target: torch.Size([2, 1]) 1.1479451656341553 3.416438341140747 False
meta: torch.Size([2, 3]) 0.0 68.62000274658203 False
x1: torch.Size([2, 1, 32, 32, 32]) 0.0 131.99839782714844 False
x2: torch.Size([2, 1, 32, 32, 32]) 0.0 123.39913177490234 False
target: torch.Size([2, 1]) 10.082191467285156 12.528767585754395 False
meta: torch.Size([2, 3]) 0.0 65.9800033569336 False
x1: torch.Size([2, 1, 32, 32, 32]) 0.0 123.13756561279297 False
x2: torch.Size([2, 1, 32, 32, 32]) 0.0 122.5811538696289 False
target: torch.Size([2, 1]) 0.9753424525260925 2.687671184539795 False
meta: torch.Size([2, 3]) 0.0 84.47000122070312 False
x1: torch.Size([2, 1, 32, 32, 32]) 0.0 124.21084594726562 False
x2: torch.Size([2, 1, 32, 32, 32]) 0.0 127.48477935791016 False
target: torch.Size([2, 1]) 6.745205402374268 6.780821800231934 False
meta: torch.Size([2, 3]) 0.0 75.41000366210938 False
x1: torch.Size([2, 1, 32, 32, 32]) 0.0 127.02552795410156 False
x2: torch.Size([2, 1, 32, 32, 32]) 0.0 134.89242553710938 False
target: torch.Size([2, 1]) 2.0931506156921387 2.3232877254486084 False
meta: torch.Size([2, 3]) 0.0 69.30999755859375 False
x1: torch.Size([2, 1, 32, 32, 32]) 0.0 125.05213165283203 False
x2: torch.Size([2, 1, 32, 32, 32]) 0.0 129.5374298095703 False
target: torch.Size([2, 1]) 0.619178056716919 3.931506872177124 False
meta: torch.Size([2, 3]) 0.0 74.02999877929688 False
x1: torch.Size([2, 1, 32, 32, 32]) 0.0 123.56181335449219 False
x2: torch.Size([2, 1, 32, 32, 32]) 0.0 124.71654510498047 False
target: torch.Size([2, 1]) 7.630136966705322 12.235616683959961 False
meta: torch.Size([2, 3]) 0.0 75.75 False
x1: torch.Size([2, 1, 32, 32, 32]) 0.0 130.17018127441406 False
x2: torch.Size([2, 1, 32, 32, 32]) 0.0 129.52342224121094 False
target: torch.Size([2, 1]) 5.9808220863342285 7.994520664215088 False
meta: torch.Size([2, 3]) 0.0 71.12999725341797 False
x1: torch.Size([2, 1, 32, 32, 32]) 0.0 126.72080993652344 False
x2: torch.Size([2, 1, 32, 32, 32]) 0.0 128.8208465576172 False
target: torch.Size([2, 1]) 4.9808220863342285 6.194520473480225 False
meta: torch.Size([2, 3]) 0.0 78.72000122070312 False
x1: torch.Size([2, 1, 32, 32, 32]) 0.0 124.81297302246094 False
x2: torch.Size([2, 1, 32, 32, 32]) 0.0 132.0307159423828 False
target: torch.Size([2, 1]) 3.5315067768096924 5.920547962188721 False
meta: torch.Size([2, 3]) 0.0 58.459999084472656 False
x1: torch.Size([2, 1, 32, 32, 32]) 0.0 128.52127075195312 False
x2: torch.Size([2, 1, 32, 32, 32]) 0.0 125.42456817626953 False
target: torch.Size([2, 1]) 8.800000190734863 8.98630142211914 False
meta: torch.Size([2, 3]) 0.0 83.58000183105469 False
x1: torch.Size([2, 1, 32, 32, 32]) 0.0 129.04803466796875 False
x2: torch.Size([2, 1, 32, 32, 32]) 0.0 126.03876495361328 False
target: torch.Size([2, 1]) 0.0356164388358593 5.120547771453857 False
meta: torch.Size([2, 3]) 0.0 69.1500015258789 False
x1: torch.Size([2, 1, 32, 32, 32]) 0.0 125.39757537841797 False
x2: torch.Size([2, 1, 32, 32, 32]) 0.0 122.73106384277344 False
target: torch.Size([2, 1]) 4.057534217834473 6.347945213317871 False
meta: torch.Size([2, 3]) 0.0 65.08999633789062 False
x1: torch.Size([2, 1, 32, 32, 32]) 0.0 125.97827911376953 False
x2: torch.Size([2, 1, 32, 32, 32]) 0.0 135.03648376464844 False
target: torch.Size([2, 1]) 3.1232876777648926 4.964383602142334 False
meta: torch.Size([2, 3]) 0.0 69.68000030517578 False
x1: torch.Size([2, 1, 32, 32, 32]) 0.0 131.2843475341797 False
x2: torch.Size([2, 1, 32, 32, 32]) 0.0 136.77696228027344 False
target: torch.Size([2, 1]) 2.210958957672119 7.55890417098999 False
meta: torch.Size([2, 3]) 0.0 79.26000213623047 False
x1: torch.Size([2, 1, 32, 32, 32]) 0.0 124.9931640625 False
x2: torch.Size([2, 1, 32, 32, 32]) 0.0 127.31181335449219 False
target: torch.Size([2, 1]) 5.169863224029541 15.221918106079102 False
meta: torch.Size([2, 3]) 0.0 86.29000091552734 False
x1: torch.Size([2, 1, 32, 32, 32]) 0.0 127.44702911376953 False
x2: torch.Size([2, 1, 32, 32, 32]) 0.0 130.29302978515625 False
target: torch.Size([2, 1]) 3.5315067768096924 9.704109191894531 False
meta: torch.Size([2, 3]) 0.0 66.33000183105469 False
x1: torch.Size([2, 1, 32, 32, 32]) 0.0 121.97075653076172 False
x2: torch.Size([2, 1, 32, 32, 32]) 0.0 129.03976440429688 False
target: torch.Size([2, 1]) 3.3671233654022217 3.890410900115967 False
meta: torch.Size([2, 3]) 0.0 72.38999938964844 False
x1: torch.Size([2, 1, 32, 32, 32]) 0.0 128.0050048828125 False
x2: torch.Size([2, 1, 32, 32, 32]) 0.0 129.03550720214844 False
target: torch.Size([2, 1]) 7.676712512969971 8.915068626403809 False
meta: torch.Size([2, 3]) 0.0 67.75 False
x1: torch.Size([2, 1, 32, 32, 32]) 0.0 129.7297821044922 False
x2: torch.Size([2, 1, 32, 32, 32]) 0.0 133.19659423828125 False
target: torch.Size([2, 1]) 4.079452037811279 12.090411186218262 False
meta: torch.Size([2, 3]) 0.0 64.43000030517578 False
x1: torch.Size([2, 1, 32, 32, 32]) 0.0 138.2629852294922 False
x2: torch.Size([2, 1, 32, 32, 32]) 0.0 130.79461669921875 False
target: torch.Size([2, 1]) 3.312328815460205 3.9123287200927734 False
meta: torch.Size([2, 3]) 0.0 66.22000122070312 False
x1: torch.Size([2, 1, 32, 32, 32]) 0.0 130.750732421875 False
x2: torch.Size([2, 1, 32, 32, 32]) 0.0 141.3048858642578 False
target: torch.Size([2, 1]) 3.4657533168792725 7.627397060394287 False
meta: torch.Size([2, 3]) 0.0 65.80000305175781 False
x1: torch.Size([2, 1, 32, 32, 32]) 0.0 127.95714569091797 False
x2: torch.Size([2, 1, 32, 32, 32]) 0.0 128.16026306152344 False
target: torch.Size([2, 1]) 4.42739725112915 11.90137004852295 False
meta: torch.Size([2, 3]) 0.0 78.61000061035156 False
x1: torch.Size([2, 1, 32, 32, 32]) 0.0 127.26734924316406 False
x2: torch.Size([2, 1, 32, 32, 32]) 0.0 136.43280029296875 False
target: torch.Size([2, 1]) 3.5260274410247803 6.1178083419799805 False
meta: torch.Size([2, 3]) 0.0 69.56999969482422 False
x1: torch.Size([2, 1, 32, 32, 32]) 0.0 129.3146514892578 False
x2: torch.Size([2, 1, 32, 32, 32]) 0.0 133.9797821044922 False
target: torch.Size([2, 1]) 0.002739726100116968 9.728767395019531 False
meta: torch.Size([2, 3]) 0.0 65.70999908447266 False
x1: torch.Size([2, 1, 32, 32, 32]) 0.0 127.02186584472656 False
x2: torch.Size([2, 1, 32, 32, 32]) 0.0 126.7528305053711 False
target: torch.Size([2, 1]) 4.3945207595825195 12.271232604980469 False
meta: torch.Size([2, 3]) 0.0 69.1500015258789 False
x1: torch.Size([1, 1, 32, 32, 32]) 0.0 119.72156524658203 False
x2: torch.Size([1, 1, 32, 32, 32]) 0.0 123.39552307128906 False
target: torch.Size([1, 1]) 7.509589195251465 7.509589195251465 False
meta: torch.Size([1, 3]) 0.0 71.6500015258789 False
Epoch 0: Avg Train Loss = 108.7156
We are in validation phase
/mimer/NOBACKUP/groups/brainage/thesis_brainage/scripts/run.py:164: UserWarning: To copy construct from a tensor, it is recommended to use sourceTensor.clone().detach() or sourceTensor.clone().detach().requires_grad_(True), rather than torch.tensor(sourceTensor).
  x1 = torch.tensor(x1).float().to(device)
/mimer/NOBACKUP/groups/brainage/thesis_brainage/scripts/run.py:165: UserWarning: To copy construct from a tensor, it is recommended to use sourceTensor.clone().detach() or sourceTensor.clone().detach().requires_grad_(True), rather than torch.tensor(sourceTensor).
  x2 = torch.tensor(x2).float().to(device)
/mimer/NOBACKUP/groups/brainage/thesis_brainage/scripts/run.py:166: UserWarning: To copy construct from a tensor, it is recommended to use sourceTensor.clone().detach() or sourceTensor.clone().detach().requires_grad_(True), rather than torch.tensor(sourceTensor).
  target = torch.tensor(target).float().unsqueeze(1).to(device)
Epoch 0: Avg Val Loss = 74.3821
Validation loss improved, saving model.
Loaded the best model.
Loss plot (Train/Val) saved to: /mimer/NOBACKUP/groups/brainage/thesis_brainage/results/loss_plot_trainval.png
/mimer/NOBACKUP/groups/brainage/thesis_brainage/scripts/run.py:239: UserWarning: To copy construct from a tensor, it is recommended to use sourceTensor.clone().detach() or sourceTensor.clone().detach().requires_grad_(True), rather than torch.tensor(sourceTensor).
  x1 = torch.tensor(x1).float().to(device)
/mimer/NOBACKUP/groups/brainage/thesis_brainage/scripts/run.py:240: UserWarning: To copy construct from a tensor, it is recommended to use sourceTensor.clone().detach() or sourceTensor.clone().detach().requires_grad_(True), rather than torch.tensor(sourceTensor).
  x2 = torch.tensor(x2).float().to(device)
/mimer/NOBACKUP/groups/brainage/thesis_brainage/scripts/run.py:241: UserWarning: To copy construct from a tensor, it is recommended to use sourceTensor.clone().detach() or sourceTensor.clone().detach().requires_grad_(True), rather than torch.tensor(sourceTensor).
  target = torch.tensor(target).float().unsqueeze(1).to(device)
