This job can be monitored from: https://job.c3se.chalmers.se/alvis/4180002
We are in main
Preprocessing of categorcial data is set to:  True
Warning: Folder for participant sub-OAS30937 does not exist and will be deleted.
Warning: Folder for participant sub-OAS31357 does not exist and will be deleted.
  participant_id handedness  mr_sessions  ... sex_F sex_M  sex_U
0   sub-OAS30001          R          6.0  ...   1.0   0.0    0.0
1   sub-OAS30002          R          5.0  ...   0.0   1.0    0.0
2   sub-OAS30003          R          7.0  ...   1.0   0.0    0.0
3   sub-OAS30004          L          5.0  ...   1.0   0.0    0.0
4   sub-OAS30005          R          7.0  ...   1.0   0.0    0.0

[5 rows x 13 columns]
Loaded 499 participants from /mimer/NOBACKUP/groups/brainage/data/oasis3
Warning: No matching T1w image found for sub-OAS30042 in session(s). Skipping.
Warning: No matching T1w image found for sub-OAS30643 in session(s). Skipping.
Warning: No matching T1w image found for sub-OAS30659 in session(s). Skipping.
Warning: No matching T1w image found for sub-OAS30797 in session(s). Skipping.
Using device: cuda
Last block has number of input channels: 64
Last block has number of output channels: 16
We are in epoch (training):  0
/mimer/NOBACKUP/groups/brainage/thesis_brainage/my_venv/lib/python3.12/site-packages/torchio/data/image.py:248: UserWarning: Using TorchIO images without a torchio.SubjectsLoader in PyTorch >= 2.3 might have unexpected consequences, e.g., the collated batches will be instances of torchio.Subject with 5D images. Replace your PyTorch DataLoader with a torchio.SubjectsLoader so that the collated batch becomes a dictionary, as expected. See https://github.com/TorchIO-project/torchio/issues/1179 for more context about this issue.
  warnings.warn(message, stacklevel=1)
Epoch 0: Avg Train Loss = 35.4962
We are in validation phase
/mimer/NOBACKUP/groups/brainage/thesis_brainage/scripts/run.py:160: UserWarning: To copy construct from a tensor, it is recommended to use sourceTensor.clone().detach() or sourceTensor.clone().detach().requires_grad_(True), rather than torch.tensor(sourceTensor).
  x1 = torch.tensor(x1).float().to(device)
/mimer/NOBACKUP/groups/brainage/thesis_brainage/scripts/run.py:161: UserWarning: To copy construct from a tensor, it is recommended to use sourceTensor.clone().detach() or sourceTensor.clone().detach().requires_grad_(True), rather than torch.tensor(sourceTensor).
  x2 = torch.tensor(x2).float().to(device)
/mimer/NOBACKUP/groups/brainage/thesis_brainage/scripts/run.py:162: UserWarning: To copy construct from a tensor, it is recommended to use sourceTensor.clone().detach() or sourceTensor.clone().detach().requires_grad_(True), rather than torch.tensor(sourceTensor).
  target = torch.tensor(target).float().unsqueeze(1).to(device)
Epoch 0: Avg Val Loss = 34.5664
Validation loss improved, saving best model.
We are in epoch (training):  1
Epoch 1: Avg Train Loss = 24.5680
We are in validation phase
Epoch 1: Avg Val Loss = 31.8998
Validation loss improved, saving best model.
We are in epoch (training):  2
Epoch 2: Avg Train Loss = 19.0230
We are in validation phase
Epoch 2: Avg Val Loss = 28.3419
Validation loss improved, saving best model.
We are in epoch (training):  3
Epoch 3: Avg Train Loss = 16.0484
We are in validation phase
slurmstepd: error: *** JOB 4180002 ON alvis3-15 CANCELLED AT 2025-05-07T11:36:46 ***
