This job can be monitored from: https://job.c3se.chalmers.se/alvis/4180106
We are in main
Preprocessing of categorcial data is set to:  True
Warning: Folder for participant sub-OAS30937 does not exist and will be deleted.
Warning: Folder for participant sub-OAS31357 does not exist and will be deleted.
  participant_id handedness  mr_sessions  ... sex_F sex_M  sex_U
0   sub-OAS30001          R          6.0  ...   1.0   0.0    0.0
1   sub-OAS30002          R          5.0  ...   0.0   1.0    0.0
2   sub-OAS30003          R          7.0  ...   1.0   0.0    0.0
3   sub-OAS30004          L          5.0  ...   1.0   0.0    0.0
4   sub-OAS30005          R          7.0  ...   1.0   0.0    0.0

[5 rows x 13 columns]
Loaded 499 participants from /mimer/NOBACKUP/groups/brainage/data/oasis3
Warning: No matching T1w image found for sub-OAS30042 in session(s). Skipping.
Warning: No matching T1w image found for sub-OAS30643 in session(s). Skipping.
Warning: No matching T1w image found for sub-OAS30659 in session(s). Skipping.
Warning: No matching T1w image found for sub-OAS30797 in session(s). Skipping.
Train size: 297, Validation size: 99, Test size: 99
Using device: cuda
Last block has number of input channels: 64
Last block has number of output channels: 16
We are in epoch (training):  0
/mimer/NOBACKUP/groups/brainage/thesis_brainage/my_venv/lib/python3.12/site-packages/torchio/data/image.py:248: UserWarning: Using TorchIO images without a torchio.SubjectsLoader in PyTorch >= 2.3 might have unexpected consequences, e.g., the collated batches will be instances of torchio.Subject with 5D images. Replace your PyTorch DataLoader with a torchio.SubjectsLoader so that the collated batch becomes a dictionary, as expected. See https://github.com/TorchIO-project/torchio/issues/1179 for more context about this issue.
  warnings.warn(message, stacklevel=1)
Epoch 0: Avg Train Loss = 39.2759
We are in epoch (val):  0
Epoch 0: Avg Val Loss = 37.4978
Validation loss improved, saving best model.
We are in epoch (training):  1
Epoch 1: Avg Train Loss = 27.2053
We are in epoch (val):  1
Epoch 1: Avg Val Loss = 33.2319
Validation loss improved, saving best model.
We are in epoch (training):  2
Epoch 2: Avg Train Loss = 19.7693
We are in epoch (val):  2
Epoch 2: Avg Val Loss = 28.2260
Validation loss improved, saving best model.
We are in epoch (training):  3
Epoch 3: Avg Train Loss = 17.3517
We are in epoch (val):  3
Epoch 3: Avg Val Loss = 27.4094
Validation loss improved, saving best model.
We are in epoch (training):  4
Epoch 4: Avg Train Loss = 15.7430
We are in epoch (val):  4
Epoch 4: Avg Val Loss = 27.9551
No improvement in validation loss for 1 epochs.
We are in epoch (training):  5
Epoch 5: Avg Train Loss = 17.3388
We are in epoch (val):  5
Epoch 5: Avg Val Loss = 28.1063
No improvement in validation loss for 2 epochs.
We are in epoch (training):  6
Epoch 6: Avg Train Loss = 16.3256
We are in epoch (val):  6
Epoch 6: Avg Val Loss = 24.2101
Validation loss improved, saving best model.
We are in epoch (training):  7
Epoch 7: Avg Train Loss = 14.9563
We are in epoch (val):  7
Epoch 7: Avg Val Loss = 25.9298
No improvement in validation loss for 1 epochs.
We are in epoch (training):  8
Epoch 8: Avg Train Loss = 13.8126
We are in epoch (val):  8
Epoch 8: Avg Val Loss = 22.6037
Validation loss improved, saving best model.
We are in epoch (training):  9
Epoch 9: Avg Train Loss = 13.4200
We are in epoch (val):  9
Epoch 9: Avg Val Loss = 22.3436
Validation loss improved, saving best model.
We are in epoch (training):  10
Epoch 10: Avg Train Loss = 12.7462
We are in epoch (val):  10
Epoch 10: Avg Val Loss = 22.3337
Validation loss improved, saving best model.
We are in epoch (training):  11
Epoch 11: Avg Train Loss = 12.3340
We are in epoch (val):  11
Epoch 11: Avg Val Loss = 21.5111
Validation loss improved, saving best model.
We are in epoch (training):  12
Epoch 12: Avg Train Loss = 11.8805
We are in epoch (val):  12
Epoch 12: Avg Val Loss = 20.8940
Validation loss improved, saving best model.
We are in epoch (training):  13
Epoch 13: Avg Train Loss = 11.7560
We are in epoch (val):  13
Epoch 13: Avg Val Loss = 21.8552
No improvement in validation loss for 1 epochs.
We are in epoch (training):  14
Epoch 14: Avg Train Loss = 11.8804
We are in epoch (val):  14
Epoch 14: Avg Val Loss = 20.5757
Validation loss improved, saving best model.
We are in epoch (training):  15
Epoch 15: Avg Train Loss = 11.3432
We are in epoch (val):  15
Epoch 15: Avg Val Loss = 20.6409
No improvement in validation loss for 1 epochs.
We are in epoch (training):  16
Epoch 16: Avg Train Loss = 11.5447
We are in epoch (val):  16
Epoch 16: Avg Val Loss = 20.8341
No improvement in validation loss for 2 epochs.
We are in epoch (training):  17
Epoch 17: Avg Train Loss = 11.2065
We are in epoch (val):  17
Epoch 17: Avg Val Loss = 20.2180
Validation loss improved, saving best model.
We are in epoch (training):  18
Epoch 18: Avg Train Loss = 10.7501
We are in epoch (val):  18
Epoch 18: Avg Val Loss = 20.5812
No improvement in validation loss for 1 epochs.
We are in epoch (training):  19
Epoch 19: Avg Train Loss = 10.6677
We are in epoch (val):  19
Epoch 19: Avg Val Loss = 20.7294
No improvement in validation loss for 2 epochs.
We are in epoch (training):  20
Epoch 20: Avg Train Loss = 10.5393
We are in epoch (val):  20
Epoch 20: Avg Val Loss = 20.0288
Validation loss improved, saving best model.
We are in epoch (training):  21
Epoch 21: Avg Train Loss = 10.1625
We are in epoch (val):  21
Epoch 21: Avg Val Loss = 20.1248
No improvement in validation loss for 1 epochs.
We are in epoch (training):  22
Epoch 22: Avg Train Loss = 10.1675
We are in epoch (val):  22
Epoch 22: Avg Val Loss = 20.2767
No improvement in validation loss for 2 epochs.
We are in epoch (training):  23
Epoch 23: Avg Train Loss = 9.7668
We are in epoch (val):  23
Epoch 23: Avg Val Loss = 20.0656
No improvement in validation loss for 3 epochs.
We are in epoch (training):  24
Epoch 24: Avg Train Loss = 9.6167
We are in epoch (val):  24
Epoch 24: Avg Val Loss = 19.9386
Validation loss improved, saving best model.
We are in epoch (training):  25
Epoch 25: Avg Train Loss = 9.2264
We are in epoch (val):  25
Epoch 25: Avg Val Loss = 20.2420
No improvement in validation loss for 1 epochs.
We are in epoch (training):  26
Epoch 26: Avg Train Loss = 9.0919
We are in epoch (val):  26
Epoch 26: Avg Val Loss = 20.0474
No improvement in validation loss for 2 epochs.
We are in epoch (training):  27
Epoch 27: Avg Train Loss = 9.1922
We are in epoch (val):  27
Epoch 27: Avg Val Loss = 20.4269
No improvement in validation loss for 3 epochs.
We are in epoch (training):  28
Epoch 28: Avg Train Loss = 8.9512
We are in epoch (val):  28
Epoch 28: Avg Val Loss = 19.5735
Validation loss improved, saving best model.
We are in epoch (training):  29
Epoch 29: Avg Train Loss = 8.7456
We are in epoch (val):  29
Epoch 29: Avg Val Loss = 20.7342
No improvement in validation loss for 1 epochs.
We are in epoch (training):  30
Epoch 30: Avg Train Loss = 8.8553
We are in epoch (val):  30
Epoch 30: Avg Val Loss = 19.5271
Validation loss improved, saving best model.
We are in epoch (training):  31
/tmp/slurmd/job4180106/slurm_script: line 17: 2489516 Killed                  python -u run.py
slurmstepd: error: Detected 1 oom_kill event in StepId=4180106.batch. Some of the step tasks have been OOM Killed.
