This job can be monitored from: https://job.c3se.chalmers.se/alvis/4508920
We are in main.
Warning: Folder for participant sub-OAS30937 does not exist and will be deleted.
Warning: Folder for participant sub-OAS31357 does not exist and will be deleted.
Train size (number of participants): 328, Validation size: 109, Test size: 110
We are in train.
Using device: cuda
Last block has number of input channels: 64
Last block has number of output channels: 16
Warning: No matching T1w image found for sub-OAS30369 in session(s). Skipping.
Warning: No matching T1w image found for sub-OAS30369 in session(s). Skipping.
Warning: No matching T1w image found for sub-OAS30369 in session(s). Skipping.
Warning: No matching T1w image found for sub-OAS30369 in session(s). Skipping.
Warning: No matching T1w image found for sub-OAS30369 in session(s). Skipping.
Warning: No matching T1w image found for sub-OAS30369 in session(s). Skipping.
Warning: No matching T1w image found for sub-OAS30137 in session(s). Skipping.
Warning: No matching T1w image found for sub-OAS30137 in session(s). Skipping.
Warning: No matching T1w image found for sub-OAS30659 in session(s). Skipping.
Warning: No matching T1w image found for sub-OAS30659 in session(s). Skipping.
Loaded 1451 image pairs.
Loaded 1451 rows of metadata.
Loaded 1451 targets.
Loaded 448 image pairs.
Loaded 448 rows of metadata.
Loaded 448 targets.
We are in epoch (training):  0
/mimer/NOBACKUP/groups/brainage/thesis_brainage/my_venv/lib/python3.12/site-packages/torchio/data/image.py:248: UserWarning: Using TorchIO images without a torchio.SubjectsLoader in PyTorch >= 2.3 might have unexpected consequences, e.g., the collated batches will be instances of torchio.Subject with 5D images. Replace your PyTorch DataLoader with a torchio.SubjectsLoader so that the collated batch becomes a dictionary, as expected. See https://github.com/TorchIO-project/torchio/issues/1179 for more context about this issue.
  warnings.warn(message, stacklevel=1)
Epoch 0: Avg Train Loss = 11.3596
Epoch 0: Avg Train MAE = 2.6084
We are in epoch (val):  0
Epoch 0: Avg Val Loss = 7.7938
Epoch 0: Avg Val MAE = 2.2723
Validation loss improved, saving best model.
We are in epoch (training):  1
Epoch 1: Avg Train Loss = 5.7572
Epoch 1: Avg Train MAE = 1.8662
We are in epoch (val):  1
Epoch 1: Avg Val Loss = 7.9002
Epoch 1: Avg Val MAE = 2.2714
No improvement in validation loss for 1 epochs.
We are in epoch (training):  2
Epoch 2: Avg Train Loss = 4.3464
Epoch 2: Avg Train MAE = 1.6478
We are in epoch (val):  2
Epoch 2: Avg Val Loss = 5.8868
Epoch 2: Avg Val MAE = 1.8777
Validation loss improved, saving best model.
We are in epoch (training):  3
Epoch 3: Avg Train Loss = 3.7367
Epoch 3: Avg Train MAE = 1.5127
We are in epoch (val):  3
Epoch 3: Avg Val Loss = 4.4112
Epoch 3: Avg Val MAE = 1.6395
Validation loss improved, saving best model.
We are in epoch (training):  4
Epoch 4: Avg Train Loss = 3.3041
Epoch 4: Avg Train MAE = 1.4274
We are in epoch (val):  4
Epoch 4: Avg Val Loss = 4.5873
Epoch 4: Avg Val MAE = 1.7060
No improvement in validation loss for 1 epochs.
We are in epoch (training):  5
Epoch 5: Avg Train Loss = 3.0436
Epoch 5: Avg Train MAE = 1.3622
We are in epoch (val):  5
Epoch 5: Avg Val Loss = 5.1306
Epoch 5: Avg Val MAE = 1.7102
No improvement in validation loss for 2 epochs.
We are in epoch (training):  6
Epoch 6: Avg Train Loss = 2.8383
Epoch 6: Avg Train MAE = 1.3217
We are in epoch (val):  6
Epoch 6: Avg Val Loss = 4.3961
Epoch 6: Avg Val MAE = 1.6160
Validation loss improved, saving best model.
We are in epoch (training):  7
Epoch 7: Avg Train Loss = 2.9637
Epoch 7: Avg Train MAE = 1.3379
We are in epoch (val):  7
Epoch 7: Avg Val Loss = 3.8125
Epoch 7: Avg Val MAE = 1.5251
Validation loss improved, saving best model.
We are in epoch (training):  8
slurmstepd: error: *** JOB 4508920 ON alvis1-08 CANCELLED AT 2025-05-20T20:30:37 DUE TO TIME LIMIT ***
