This job can be monitored from: https://job.c3se.chalmers.se/alvis/4180665
We are in main
Preprocessing of categorcial data is set to:  True
Warning: Folder for participant sub-OAS30937 does not exist and will be deleted.
Warning: Folder for participant sub-OAS31357 does not exist and will be deleted.
  participant_id handedness  mr_sessions  ... sex_F sex_M  sex_U
0   sub-OAS30001          R          6.0  ...   1.0   0.0    0.0
1   sub-OAS30002          R          5.0  ...   0.0   1.0    0.0
2   sub-OAS30003          R          7.0  ...   1.0   0.0    0.0
3   sub-OAS30004          L          5.0  ...   1.0   0.0    0.0
4   sub-OAS30005          R          7.0  ...   1.0   0.0    0.0

[5 rows x 13 columns]
Loaded 499 participants from /mimer/NOBACKUP/groups/brainage/data/oasis3
Warning: No matching T1w image found for sub-OAS30042 in session(s). Skipping.
Warning: No matching T1w image found for sub-OAS30643 in session(s). Skipping.
Warning: No matching T1w image found for sub-OAS30659 in session(s). Skipping.
Warning: No matching T1w image found for sub-OAS30797 in session(s). Skipping.
Train size: 297, Validation size: 99, Test size: 99
Using device: cuda
Last block has number of input channels: 64
Last block has number of output channels: 16
We are in epoch (training):  0
/mimer/NOBACKUP/groups/brainage/thesis_brainage/my_venv/lib/python3.12/site-packages/torchio/data/image.py:248: UserWarning: Using TorchIO images without a torchio.SubjectsLoader in PyTorch >= 2.3 might have unexpected consequences, e.g., the collated batches will be instances of torchio.Subject with 5D images. Replace your PyTorch DataLoader with a torchio.SubjectsLoader so that the collated batch becomes a dictionary, as expected. See https://github.com/TorchIO-project/torchio/issues/1179 for more context about this issue.
  warnings.warn(message, stacklevel=1)
Epoch 0: Avg Train Loss = 37.5547
We are in epoch (val):  0
Epoch 0: Avg Val Loss = 32.8208
Validation loss improved, saving best model.
We are in epoch (training):  1
Epoch 1: Avg Train Loss = 24.2050
We are in epoch (val):  1
Epoch 1: Avg Val Loss = 30.5725
Validation loss improved, saving best model.
We are in epoch (training):  2
Epoch 2: Avg Train Loss = 20.3614
We are in epoch (val):  2
Epoch 2: Avg Val Loss = 26.8757
Validation loss improved, saving best model.
We are in epoch (training):  3
Epoch 3: Avg Train Loss = 19.0311
We are in epoch (val):  3
Epoch 3: Avg Val Loss = 25.3985
Validation loss improved, saving best model.
We are in epoch (training):  4
Epoch 4: Avg Train Loss = 17.5079
We are in epoch (val):  4
Epoch 4: Avg Val Loss = 23.1481
Validation loss improved, saving best model.
We are in epoch (training):  5
Epoch 5: Avg Train Loss = 15.7546
We are in epoch (val):  5
Epoch 5: Avg Val Loss = 21.3460
Validation loss improved, saving best model.
We are in epoch (training):  6
Epoch 6: Avg Train Loss = 14.6161
We are in epoch (val):  6
Epoch 6: Avg Val Loss = 20.4647
Validation loss improved, saving best model.
We are in epoch (training):  7
Epoch 7: Avg Train Loss = 14.0352
We are in epoch (val):  7
Epoch 7: Avg Val Loss = 21.0886
No improvement in validation loss for 1 epochs.
We are in epoch (training):  8
Epoch 8: Avg Train Loss = 14.3894
We are in epoch (val):  8
Epoch 8: Avg Val Loss = 20.1088
Validation loss improved, saving best model.
We are in epoch (training):  9
Epoch 9: Avg Train Loss = 13.5399
We are in epoch (val):  9
Epoch 9: Avg Val Loss = 20.5628
No improvement in validation loss for 1 epochs.
We are in epoch (training):  10
Epoch 10: Avg Train Loss = 13.0653
We are in epoch (val):  10
Epoch 10: Avg Val Loss = 19.6925
Validation loss improved, saving best model.
We are in epoch (training):  11
Epoch 11: Avg Train Loss = 12.7972
We are in epoch (val):  11
Epoch 11: Avg Val Loss = 19.9019
No improvement in validation loss for 1 epochs.
We are in epoch (training):  12
Epoch 12: Avg Train Loss = 12.9081
We are in epoch (val):  12
Epoch 12: Avg Val Loss = 20.7828
No improvement in validation loss for 2 epochs.
We are in epoch (training):  13
Epoch 13: Avg Train Loss = 12.8003
We are in epoch (val):  13
Epoch 13: Avg Val Loss = 19.8622
No improvement in validation loss for 3 epochs.
We are in epoch (training):  14
Epoch 14: Avg Train Loss = 12.2089
We are in epoch (val):  14
Epoch 14: Avg Val Loss = 20.1356
No improvement in validation loss for 4 epochs.
We are in epoch (training):  15
Epoch 15: Avg Train Loss = 11.9075
We are in epoch (val):  15
Epoch 15: Avg Val Loss = 20.2506
No improvement in validation loss for 5 epochs.
Early stopping triggered after 15 epochs.
Loaded the best model.
Loss plot (Train/Val) saved to: /mimer/NOBACKUP/groups/brainage/thesis_brainage/results/training/loss_plot_trainval.png
We are in test
/mimer/NOBACKUP/groups/brainage/thesis_brainage/scripts/run.py:249: UserWarning: To copy construct from a tensor, it is recommended to use sourceTensor.clone().detach() or sourceTensor.clone().detach().requires_grad_(True), rather than torch.tensor(sourceTensor).
  x1 = torch.tensor(x1).float().to(device)
/mimer/NOBACKUP/groups/brainage/thesis_brainage/scripts/run.py:250: UserWarning: To copy construct from a tensor, it is recommended to use sourceTensor.clone().detach() or sourceTensor.clone().detach().requires_grad_(True), rather than torch.tensor(sourceTensor).
  x2 = torch.tensor(x2).float().to(device)
/mimer/NOBACKUP/groups/brainage/thesis_brainage/scripts/run.py:251: UserWarning: To copy construct from a tensor, it is recommended to use sourceTensor.clone().detach() or sourceTensor.clone().detach().requires_grad_(True), rather than torch.tensor(sourceTensor).
  target = torch.tensor(target).float().unsqueeze(1).to(device)
Test Loss (MSE): 16.5184
Test results saved to /mimer/NOBACKUP/groups/brainage/thesis_brainage/results/test_results.csv
