This job can be monitored from: https://job.c3se.chalmers.se/alvis/4169669
We are in main
Preprocessing of categorcial data is set to:  True
Warning: Folder for participant sub-OAS30937 does not exist and will be deleted.
Warning: Folder for participant sub-OAS31357 does not exist and will be deleted.
  participant_id handedness  mr_sessions  ... sex_F sex_M  sex_U
0   sub-OAS30001          R          6.0  ...   1.0   0.0    0.0
1   sub-OAS30002          R          5.0  ...   0.0   1.0    0.0
2   sub-OAS30003          R          7.0  ...   1.0   0.0    0.0
3   sub-OAS30004          L          5.0  ...   1.0   0.0    0.0
4   sub-OAS30005          R          7.0  ...   1.0   0.0    0.0

[5 rows x 13 columns]
Warning: No matching T1w image found for sub-OAS30042 in session(s). Skipping.
Warning: No matching T1w image found for sub-OAS30643 in session(s). Skipping.
Warning: No matching T1w image found for sub-OAS30659 in session(s). Skipping.
Warning: No matching T1w image found for sub-OAS30797 in session(s). Skipping.
Using device: cuda
Last block has number of input channels: 64
Last block has number of output channels: 16
We are in epoch (training):  0
/mimer/NOBACKUP/groups/brainage/thesis_brainage/my_venv/lib/python3.12/site-packages/torchio/data/image.py:248: UserWarning: Using TorchIO images without a torchio.SubjectsLoader in PyTorch >= 2.3 might have unexpected consequences, e.g., the collated batches will be instances of torchio.Subject with 5D images. Replace your PyTorch DataLoader with a torchio.SubjectsLoader so that the collated batch becomes a dictionary, as expected. See https://github.com/TorchIO-project/torchio/issues/1179 for more context about this issue.
  warnings.warn(message, stacklevel=1)
/mimer/NOBACKUP/groups/brainage/thesis_brainage/scripts/run.py:123: UserWarning: To copy construct from a tensor, it is recommended to use sourceTensor.clone().detach() or sourceTensor.clone().detach().requires_grad_(True), rather than torch.tensor(sourceTensor).
  x1 = torch.tensor(x1).float().to(device)
/mimer/NOBACKUP/groups/brainage/thesis_brainage/scripts/run.py:124: UserWarning: To copy construct from a tensor, it is recommended to use sourceTensor.clone().detach() or sourceTensor.clone().detach().requires_grad_(True), rather than torch.tensor(sourceTensor).
  x2 = torch.tensor(x2).float().to(device)
/mimer/NOBACKUP/groups/brainage/thesis_brainage/scripts/run.py:125: UserWarning: To copy construct from a tensor, it is recommended to use sourceTensor.clone().detach() or sourceTensor.clone().detach().requires_grad_(True), rather than torch.tensor(sourceTensor).
  target = torch.tensor(target).float().unsqueeze(1).to(device)
x1: torch.Size([2, 1, 32, 32, 32]) 0.0 130.6721954345703 False
x2: torch.Size([2, 1, 32, 32, 32]) 0.0 128.8953094482422 False
target: torch.Size([2, 1]) 0.002739726100116968 3.0191781520843506 False
meta: torch.Size([2, 3]) nan nan True
x1: torch.Size([2, 1, 32, 32, 32]) 0.0 122.34130096435547 False
x2: torch.Size([2, 1, 32, 32, 32]) 0.0 130.79461669921875 False
target: torch.Size([2, 1]) 0.013698630034923553 3.312328815460205 False
meta: torch.Size([2, 3]) nan nan True
x1: torch.Size([2, 1, 32, 32, 32]) 0.0 126.01779174804688 False
x2: torch.Size([2, 1, 32, 32, 32]) 0.0 123.39552307128906 False
target: torch.Size([2, 1]) 4.50684928894043 7.509589195251465 False
meta: torch.Size([2, 3]) 0.0 74.33000183105469 False
x1: torch.Size([2, 1, 32, 32, 32]) 0.0 126.57489013671875 False
x2: torch.Size([2, 1, 32, 32, 32]) 0.0 123.97874450683594 False
target: torch.Size([2, 1]) 3.4739725589752197 5.69041109085083 False
meta: torch.Size([2, 3]) 0.0 69.38999938964844 False
x1: torch.Size([2, 1, 32, 32, 32]) 0.0 121.34062957763672 False
x2: torch.Size([2, 1, 32, 32, 32]) 0.0 126.15243530273438 False
target: torch.Size([2, 1]) 0.060273971408605576 4.169863224029541 False
meta: torch.Size([2, 3]) 0.0 68.93000030517578 False
x1: torch.Size([2, 1, 32, 32, 32]) 0.0 123.28598022460938 False
x2: torch.Size([2, 1, 32, 32, 32]) 0.0 125.9127197265625 False
target: torch.Size([2, 1]) 1.2438355684280396 7.994520664215088 False
meta: torch.Size([2, 3]) 0.0 71.12999725341797 False
x1: torch.Size([2, 1, 32, 32, 32]) 0.0 133.35650634765625 False
x2: torch.Size([2, 1, 32, 32, 32]) 0.0 141.3220977783203 False
target: torch.Size([2, 1]) 6.465753555297852 14.898630142211914 False
meta: torch.Size([2, 3]) 0.0 59.52000045776367 False
x1: torch.Size([2, 1, 32, 32, 32]) 0.0 138.2629852294922 False
x2: torch.Size([2, 1, 32, 32, 32]) 0.0 146.02188110351562 False
target: torch.Size([2, 1]) 3.9123287200927734 5.950685024261475 False
meta: torch.Size([2, 3]) 0.0 69.91999816894531 False
x1: torch.Size([2, 1, 32, 32, 32]) 0.0 130.4746551513672 False
x2: torch.Size([2, 1, 32, 32, 32]) 0.0 136.8004913330078 False
target: torch.Size([2, 1]) 0.17260274291038513 1.583561658859253 False
meta: torch.Size([2, 3]) nan nan True
x1: torch.Size([2, 1, 32, 32, 32]) 0.0 123.76741027832031 False
x2: torch.Size([2, 1, 32, 32, 32]) 0.0 122.56329345703125 False
target: torch.Size([2, 1]) 3.2575342655181885 3.3945205211639404 False
meta: torch.Size([2, 3]) 0.0 76.9800033569336 False
x1: torch.Size([2, 1, 32, 32, 32]) 0.0 125.63005065917969 False
x2: torch.Size([2, 1, 32, 32, 32]) 0.0 127.48477935791016 False
target: torch.Size([2, 1]) 1.534246563911438 6.745205402374268 False
meta: torch.Size([2, 3]) 0.0 79.05000305175781 False
x1: torch.Size([2, 1, 32, 32, 32]) 0.0 132.377685546875 False
x2: torch.Size([2, 1, 32, 32, 32]) 0.0 132.38006591796875 False
target: torch.Size([2, 1]) 3.589040994644165 12.060274124145508 False
meta: torch.Size([2, 3]) 0.0 72.0199966430664 False
x1: torch.Size([2, 1, 32, 32, 32]) 0.0 126.3337631225586 False
x2: torch.Size([2, 1, 32, 32, 32]) 0.0 128.16026306152344 False
target: torch.Size([2, 1]) 7.4958906173706055 11.90137004852295 False
meta: torch.Size([2, 3]) 0.0 79.11000061035156 False
x1: torch.Size([2, 1, 32, 32, 32]) 0.0 126.03691101074219 False
x2: torch.Size([2, 1, 32, 32, 32]) 0.0 129.40953063964844 False
target: torch.Size([2, 1]) 2.4602739810943604 3.2602739334106445 False
meta: torch.Size([2, 3]) 0.0 79.16000366210938 False
x1: torch.Size([2, 1, 32, 32, 32]) 0.0 119.57905578613281 False
x2: torch.Size([2, 1, 32, 32, 32]) 0.0 122.57508087158203 False
target: torch.Size([2, 1]) 2.794520616531372 4.6383562088012695 False
meta: torch.Size([2, 3]) 0.0 68.52999877929688 False
x1: torch.Size([2, 1, 32, 32, 32]) 0.0 126.72080993652344 False
x2: torch.Size([2, 1, 32, 32, 32]) 0.0 130.3862762451172 False
target: torch.Size([2, 1]) 4.9808220863342285 13.950684547424316 False
meta: torch.Size([2, 3]) 0.0 78.72000122070312 False
x1: torch.Size([2, 1, 32, 32, 32]) 0.0 132.33860778808594 False
x2: torch.Size([2, 1, 32, 32, 32]) 0.0 145.7464599609375 False
target: torch.Size([2, 1]) 10.063014030456543 10.879451751708984 False
meta: torch.Size([2, 3]) 0.0 74.05000305175781 False
x1: torch.Size([2, 1, 32, 32, 32]) 0.0 132.52403259277344 False
x2: torch.Size([2, 1, 32, 32, 32]) 0.0 127.8403091430664 False
target: torch.Size([2, 1]) 3.202739715576172 3.3342466354370117 False
meta: torch.Size([2, 3]) 0.0 71.62999725341797 False
x1: torch.Size([2, 1, 32, 32, 32]) 0.0 124.30022430419922 False
x2: torch.Size([2, 1, 32, 32, 32]) 0.0 127.5218505859375 False
target: torch.Size([2, 1]) 8.895890235900879 11.147945404052734 False
meta: torch.Size([2, 3]) 0.0 69.41000366210938 False
x1: torch.Size([2, 1, 32, 32, 32]) 0.0 128.48878479003906 False
x2: torch.Size([2, 1, 32, 32, 32]) 0.0 130.69358825683594 False
target: torch.Size([2, 1]) 5.043835639953613 12.339726448059082 False
meta: torch.Size([2, 3]) 0.0 71.6500015258789 False
x1: torch.Size([2, 1, 32, 32, 32]) 0.0 127.40128326416016 False
x2: torch.Size([2, 1, 32, 32, 32]) 0.0 130.9533233642578 False
target: torch.Size([2, 1]) 3.145205497741699 8.978082656860352 False
meta: torch.Size([2, 3]) 0.0 72.2300033569336 False
x1: torch.Size([2, 1, 32, 32, 32]) 0.0 132.7816162109375 False
x2: torch.Size([2, 1, 32, 32, 32]) 0.0 128.7752685546875 False
target: torch.Size([2, 1]) 3.0136985778808594 8.74246597290039 False
meta: torch.Size([2, 3]) 0.0 66.58999633789062 False
x1: torch.Size([2, 1, 32, 32, 32]) 0.0 130.60569763183594 False
x2: torch.Size([2, 1, 32, 32, 32]) 0.0 133.6901397705078 False
target: torch.Size([2, 1]) 8.021917343139648 9.701370239257812 False
meta: torch.Size([2, 3]) 0.0 72.37000274658203 False
x1: torch.Size([2, 1, 32, 32, 32]) 0.0 131.51719665527344 False
x2: torch.Size([2, 1, 32, 32, 32]) 0.0 129.875 False
target: torch.Size([2, 1]) 3.1123287677764893 13.186301231384277 False
meta: torch.Size([2, 3]) 0.0 69.52999877929688 False
x1: torch.Size([2, 1, 32, 32, 32]) 0.0 134.5005340576172 False
x2: torch.Size([2, 1, 32, 32, 32]) 0.0 128.08824157714844 False
target: torch.Size([2, 1]) 2.83561635017395 4.9452056884765625 False
meta: torch.Size([2, 3]) 0.0 83.55000305175781 False
x1: torch.Size([2, 1, 32, 32, 32]) 0.0 124.59390258789062 False
x2: torch.Size([2, 1, 32, 32, 32]) 0.0 125.42456817626953 False
target: torch.Size([2, 1]) 4.386301517486572 8.98630142211914 False
meta: torch.Size([2, 3]) 0.0 75.27999877929688 False
x1: torch.Size([2, 1, 32, 32, 32]) 0.0 125.57787322998047 False
x2: torch.Size([2, 1, 32, 32, 32]) 0.0 141.16990661621094 False
target: torch.Size([2, 1]) 3.03287672996521 6.3945207595825195 False
meta: torch.Size([2, 3]) 0.0 73.38999938964844 False
x1: torch.Size([2, 1, 32, 32, 32]) 0.0 128.34039306640625 False
x2: torch.Size([2, 1, 32, 32, 32]) 0.0 129.3351593017578 False
target: torch.Size([2, 1]) 0.002739726100116968 8.35616397857666 False
meta: torch.Size([2, 3]) nan nan True
x1: torch.Size([2, 1, 32, 32, 32]) 0.0 127.19782257080078 False
x2: torch.Size([2, 1, 32, 32, 32]) 0.0 166.94073486328125 False
target: torch.Size([2, 1]) 7.238356113433838 11.6328763961792 False
meta: torch.Size([2, 3]) 0.0 77.04000091552734 False
x1: torch.Size([2, 1, 32, 32, 32]) 0.0 121.49250030517578 False
x2: torch.Size([2, 1, 32, 32, 32]) 0.0 133.76304626464844 False
target: torch.Size([2, 1]) 8.301369667053223 12.11780834197998 False
meta: torch.Size([2, 3]) 0.0 65.86000061035156 False
x1: torch.Size([2, 1, 32, 32, 32]) 0.0 127.15945434570312 False
x2: torch.Size([2, 1, 32, 32, 32]) 0.0 127.95573425292969 False
target: torch.Size([2, 1]) 8.095890045166016 10.490410804748535 False
meta: torch.Size([2, 3]) 0.0 82.37999725341797 False
x1: torch.Size([2, 1, 32, 32, 32]) 0.0 127.81056213378906 False
x2: torch.Size([2, 1, 32, 32, 32]) 0.0 126.04743194580078 False
target: torch.Size([2, 1]) 6.405479431152344 14.8547945022583 False
meta: torch.Size([2, 3]) 0.0 69.58999633789062 False
x1: torch.Size([2, 1, 32, 32, 32]) 0.0 123.16075897216797 False
x2: torch.Size([2, 1, 32, 32, 32]) 0.0 131.69354248046875 False
target: torch.Size([2, 1]) 2.789041042327881 6.24383544921875 False
meta: torch.Size([2, 3]) 0.0 70.93000030517578 False
x1: torch.Size([2, 1, 32, 32, 32]) 0.0 125.67288208007812 False
x2: torch.Size([2, 1, 32, 32, 32]) 0.0 137.59059143066406 False
target: torch.Size([2, 1]) 2.682191848754883 2.93424654006958 False
meta: torch.Size([2, 3]) 0.0 82.69999694824219 False
x1: torch.Size([2, 1, 32, 32, 32]) 0.0 142.87710571289062 False
x2: torch.Size([2, 1, 32, 32, 32]) 0.0 139.2310028076172 False
target: torch.Size([2, 1]) 3.964383602142334 8.739726066589355 False
meta: torch.Size([2, 3]) 0.0 73.48999786376953 False
x1: torch.Size([2, 1, 32, 32, 32]) 0.0 126.665771484375 False
x2: torch.Size([2, 1, 32, 32, 32]) 0.0 134.90440368652344 False
target: torch.Size([2, 1]) 2.3589041233062744 6.457534313201904 False
meta: torch.Size([2, 3]) 0.0 70.13999938964844 False
x1: torch.Size([2, 1, 32, 32, 32]) 0.0 127.12213897705078 False
x2: torch.Size([2, 1, 32, 32, 32]) 0.0 130.75108337402344 False
target: torch.Size([2, 1]) 3.304109573364258 5.808218955993652 False
meta: torch.Size([2, 3]) 0.0 64.94999694824219 False
x1: torch.Size([2, 1, 32, 32, 32]) 0.0 127.09674072265625 False
x2: torch.Size([2, 1, 32, 32, 32]) 0.0 128.68661499023438 False
target: torch.Size([2, 1]) 2.7095890045166016 6.920547962188721 False
meta: torch.Size([2, 3]) 0.0 75.25 False
x1: torch.Size([2, 1, 32, 32, 32]) 0.0 132.1297149658203 False
x2: torch.Size([2, 1, 32, 32, 32]) 0.0 158.6738739013672 False
target: torch.Size([2, 1]) 6.339725971221924 6.717808246612549 False
meta: torch.Size([2, 3]) 0.0 67.44000244140625 False
x1: torch.Size([2, 1, 32, 32, 32]) 0.0 127.71231079101562 False
x2: torch.Size([2, 1, 32, 32, 32]) 0.0 125.3682632446289 False
target: torch.Size([2, 1]) 0.002739726100116968 5.843835830688477 False
meta: torch.Size([2, 3]) nan nan True
x1: torch.Size([2, 1, 32, 32, 32]) 0.0 126.30583190917969 False
x2: torch.Size([2, 1, 32, 32, 32]) 0.0 129.04510498046875 False
target: torch.Size([2, 1]) 5.906849384307861 11.709589004516602 False
meta: torch.Size([2, 3]) 0.0 62.540000915527344 False
x1: torch.Size([2, 1, 32, 32, 32]) 0.0 131.3415985107422 False
x2: torch.Size([2, 1, 32, 32, 32]) 0.0 136.0020751953125 False
target: torch.Size([2, 1]) 6.378082275390625 6.482191562652588 False
meta: torch.Size([2, 3]) 0.0 66.87999725341797 False
x1: torch.Size([2, 1, 32, 32, 32]) 0.0 126.57319641113281 False
x2: torch.Size([2, 1, 32, 32, 32]) 0.0 129.18771362304688 False
target: torch.Size([2, 1]) 2.243835687637329 2.62465763092041 False
meta: torch.Size([2, 3]) 0.0 52.040000915527344 False
x1: torch.Size([2, 1, 32, 32, 32]) 0.0 127.57817077636719 False
x2: torch.Size([2, 1, 32, 32, 32]) 0.0 131.44247436523438 False
target: torch.Size([2, 1]) 3.410959005355835 9.36164379119873 False
meta: torch.Size([2, 3]) 0.0 73.72000122070312 False
x1: torch.Size([2, 1, 32, 32, 32]) 0.0 171.52590942382812 False
x2: torch.Size([2, 1, 32, 32, 32]) 0.0 137.14825439453125 False
target: torch.Size([2, 1]) 6.186301231384277 6.780821800231934 False
meta: torch.Size([2, 3]) 0.0 75.41000366210938 False
x1: torch.Size([2, 1, 32, 32, 32]) 0.0 132.1439666748047 False
x2: torch.Size([2, 1, 32, 32, 32]) 0.0 128.2507781982422 False
target: torch.Size([2, 1]) 5.6712327003479 13.443835258483887 False
meta: torch.Size([2, 3]) 0.0 47.81999969482422 False
x1: torch.Size([2, 1, 32, 32, 32]) 0.0 124.03034973144531 False
x2: torch.Size([2, 1, 32, 32, 32]) 0.0 130.17662048339844 False
target: torch.Size([2, 1]) 7.630136966705322 13.63835620880127 False
meta: torch.Size([2, 3]) 0.0 75.75 False
x1: torch.Size([2, 1, 32, 32, 32]) 0.0 125.69136810302734 False
x2: torch.Size([2, 1, 32, 32, 32]) 0.0 129.8841094970703 False
target: torch.Size([2, 1]) 3.5315067768096924 5.86849308013916 False
meta: torch.Size([2, 3]) 0.0 64.33999633789062 False
x1: torch.Size([2, 1, 32, 32, 32]) 0.0 129.4099884033203 False
x2: torch.Size([2, 1, 32, 32, 32]) 0.0 124.89443969726562 False
target: torch.Size([2, 1]) 6.616438388824463 8.86849308013916 False
meta: torch.Size([2, 3]) 0.0 74.43000030517578 False
x1: torch.Size([2, 1, 32, 32, 32]) 0.0 135.05953979492188 False
x2: torch.Size([2, 1, 32, 32, 32]) 0.0 131.19581604003906 False
target: torch.Size([2, 1]) 2.136986255645752 2.2547945976257324 False
meta: torch.Size([2, 3]) 0.0 81.9800033569336 False
x1: torch.Size([2, 1, 32, 32, 32]) 0.0 131.5811767578125 False
x2: torch.Size([2, 1, 32, 32, 32]) 0.0 130.6068572998047 False
target: torch.Size([2, 1]) 8.800000190734863 9.186301231384277 False
meta: torch.Size([2, 3]) 0.0 83.58000183105469 False
x1: torch.Size([2, 1, 32, 32, 32]) 0.0 129.27944946289062 False
x2: torch.Size([2, 1, 32, 32, 32]) 0.0 130.4619140625 False
target: torch.Size([2, 1]) 1.6410958766937256 5.021917819976807 False
meta: torch.Size([2, 3]) 0.0 61.540000915527344 False
x1: torch.Size([2, 1, 32, 32, 32]) 0.0 126.02070617675781 False
x2: torch.Size([2, 1, 32, 32, 32]) 0.0 124.12169647216797 False
target: torch.Size([2, 1]) 3.7780821323394775 9.860274314880371 False
meta: torch.Size([2, 3]) 0.0 69.68000030517578 False
x1: torch.Size([2, 1, 32, 32, 32]) 0.0 130.18348693847656 False
x2: torch.Size([2, 1, 32, 32, 32]) 0.0 130.6205291748047 False
target: torch.Size([2, 1]) 3.5589041709899902 4.8465752601623535 False
meta: torch.Size([2, 3]) 0.0 74.87000274658203 False
Epoch 0: Avg Train Loss = nan
We are in validation phase
/mimer/NOBACKUP/groups/brainage/thesis_brainage/scripts/run.py:164: UserWarning: To copy construct from a tensor, it is recommended to use sourceTensor.clone().detach() or sourceTensor.clone().detach().requires_grad_(True), rather than torch.tensor(sourceTensor).
  x1 = torch.tensor(x1).float().to(device)
/mimer/NOBACKUP/groups/brainage/thesis_brainage/scripts/run.py:165: UserWarning: To copy construct from a tensor, it is recommended to use sourceTensor.clone().detach() or sourceTensor.clone().detach().requires_grad_(True), rather than torch.tensor(sourceTensor).
  x2 = torch.tensor(x2).float().to(device)
/mimer/NOBACKUP/groups/brainage/thesis_brainage/scripts/run.py:166: UserWarning: To copy construct from a tensor, it is recommended to use sourceTensor.clone().detach() or sourceTensor.clone().detach().requires_grad_(True), rather than torch.tensor(sourceTensor).
  target = torch.tensor(target).float().unsqueeze(1).to(device)
Epoch 0: Avg Val Loss = nan
No improvement in validation loss for 1 epochs.
Loss plot (Train/Val) saved to: /mimer/NOBACKUP/groups/brainage/thesis_brainage/results/loss_plot_trainval.png
/mimer/NOBACKUP/groups/brainage/thesis_brainage/scripts/run.py:239: UserWarning: To copy construct from a tensor, it is recommended to use sourceTensor.clone().detach() or sourceTensor.clone().detach().requires_grad_(True), rather than torch.tensor(sourceTensor).
  x1 = torch.tensor(x1).float().to(device)
/mimer/NOBACKUP/groups/brainage/thesis_brainage/scripts/run.py:240: UserWarning: To copy construct from a tensor, it is recommended to use sourceTensor.clone().detach() or sourceTensor.clone().detach().requires_grad_(True), rather than torch.tensor(sourceTensor).
  x2 = torch.tensor(x2).float().to(device)
/mimer/NOBACKUP/groups/brainage/thesis_brainage/scripts/run.py:241: UserWarning: To copy construct from a tensor, it is recommended to use sourceTensor.clone().detach() or sourceTensor.clone().detach().requires_grad_(True), rather than torch.tensor(sourceTensor).
  target = torch.tensor(target).float().unsqueeze(1).to(device)
Test Loss (MSE): nan
Test results saved to /mimer/NOBACKUP/groups/brainage/thesis_brainage/results/test_results.csv
Loss plot (Test) saved to: /mimer/NOBACKUP/groups/brainage/thesis_brainage/results/loss_plot_test.png
